proguard/seeds.txt
ua.maker.gbible.widget.setting.ChangeSizeTextPreference
ua.maker.gbible.widget.setting.ChangeSizeTextPreference: ChangeSizeTextPreference(android.content.Context)
ua.maker.gbible.widget.setting.ChangeSizeTextPreference: ChangeSizeTextPreference(android.content.Context,android.util.AttributeSet)
ua.maker.gbible.widget.setting.ChangeSizeTextPreference: ChangeSizeTextPreference(android.content.Context,android.util.AttributeSet,int)
ua.maker.gbible.widget.setting.ChangeSpeedSmoothPreference
ua.maker.gbible.widget.setting.ChangeSpeedSmoothPreference: ChangeSpeedSmoothPreference(android.content.Context)
ua.maker.gbible.widget.setting.ChangeSpeedSmoothPreference: ChangeSpeedSmoothPreference(android.content.Context,android.util.AttributeSet)
ua.maker.gbible.widget.setting.ChangeSpeedSmoothPreference: ChangeSpeedSmoothPreference(android.content.Context,android.util.AttributeSet,int)
ua.maker.gbible.widget.setting.ColorPickerPanelView
ua.maker.gbible.widget.setting.ColorPickerPanelView: ColorPickerPanelView(android.content.Context)
ua.maker.gbible.widget.setting.ColorPickerPanelView: ColorPickerPanelView(android.content.Context,android.util.AttributeSet)
ua.maker.gbible.widget.setting.ColorPickerPanelView: ColorPickerPanelView(android.content.Context,android.util.AttributeSet,int)
ua.maker.gbible.widget.setting.ColorPickerPanelView: void setColor(int)
ua.maker.gbible.widget.setting.ColorPickerPanelView: int getColor()
ua.maker.gbible.widget.setting.ColorPickerPanelView: void setBorderColor(int)
ua.maker.gbible.widget.setting.ColorPickerPanelView: int getBorderColor()
ua.maker.gbible.widget.setting.ColorPickerPreference
ua.maker.gbible.widget.setting.ColorPickerPreference: ColorPickerPreference(android.content.Context)
ua.maker.gbible.widget.setting.ColorPickerPreference: ColorPickerPreference(android.content.Context,android.util.AttributeSet)
ua.maker.gbible.widget.setting.ColorPickerPreference: ColorPickerPreference(android.content.Context,android.util.AttributeSet,int)
ua.maker.gbible.widget.setting.ColorPickerPreference$SavedState
ua.maker.gbible.widget.setting.ColorPickerPreference$SavedState: android.os.Parcelable$Creator CREATOR
ua.maker.gbible.widget.setting.ColorPickerView
ua.maker.gbible.widget.setting.ColorPickerView: ColorPickerView(android.content.Context)
ua.maker.gbible.widget.setting.ColorPickerView: ColorPickerView(android.content.Context,android.util.AttributeSet)
ua.maker.gbible.widget.setting.ColorPickerView: ColorPickerView(android.content.Context,android.util.AttributeSet,int)
ua.maker.gbible.widget.setting.ColorPickerView: int getPrefferedWidth()
ua.maker.gbible.widget.setting.ColorPickerView: int getPrefferedHeight()
ua.maker.gbible.widget.setting.ColorPickerView: void setOnColorChangedListener(ua.maker.gbible.widget.setting.ColorPickerView$OnColorChangedListener)
ua.maker.gbible.widget.setting.ColorPickerView: void setBorderColor(int)
ua.maker.gbible.widget.setting.ColorPickerView: int getBorderColor()
ua.maker.gbible.widget.setting.ColorPickerView: int getColor()
ua.maker.gbible.widget.setting.ColorPickerView: void setColor(int)
ua.maker.gbible.widget.setting.ColorPickerView: float getDrawingOffset()
ua.maker.gbible.widget.setting.ColorPickerView: void setAlphaSliderVisible(boolean)
ua.maker.gbible.widget.setting.ColorPickerView: boolean getAlphaSliderVisible()
ua.maker.gbible.widget.setting.ColorPickerView: void setSliderTrackerColor(int)
ua.maker.gbible.widget.setting.ColorPickerView: int getSliderTrackerColor()
ua.maker.gbible.widget.setting.ColorPickerView: void setAlphaSliderText(int)
ua.maker.gbible.widget.setting.ColorPickerView: void setAlphaSliderText(java.lang.String)
...
com.google.common.collect.Interners$WeakInterner$Dummy: com.google.common.collect.Interners$WeakInterner$Dummy[] values()
com.google.common.collect.Interners$WeakInterner$Dummy: com.google.common.collect.Interners$WeakInterner$Dummy valueOf(java.lang.String)
com.google.common.collect.MapConstraints$NotNullMapConstraint: com.google.common.collect.MapConstraints$NotNullMapConstraint[] values()
com.google.common.collect.MapConstraints$NotNullMapConstraint: com.google.common.collect.MapConstraints$NotNullMapConstraint valueOf(java.lang.String)
com.google.common.collect.MapMaker$RemovalCause: com.google.common.collect.MapMaker$RemovalCause[] values()
com.google.common.collect.MapMaker$RemovalCause: com.google.common.collect.MapMaker$RemovalCause valueOf(java.lang.String)
com.google.common.collect.MapMakerInternalMap$EntryFactory: com.google.common.collect.MapMakerInternalMap$EntryFactory[] values()
com.google.common.collect.MapMakerInternalMap$EntryFactory: com.google.common.collect.MapMakerInternalMap$EntryFactory valueOf(java.lang.String)
com.google.common.collect.MapMakerInternalMap$NullEntry: com.google.common.collect.MapMakerInternalMap$NullEntry[] values()
com.google.common.collect.MapMakerInternalMap$NullEntry: com.google.common.collect.MapMakerInternalMap$NullEntry valueOf(java.lang.String)
com.google.common.collect.MapMakerInternalMap$Strength: com.google.common.collect.MapMakerInternalMap$Strength[] values()
com.google.common.collect.MapMakerInternalMap$Strength: com.google.common.collect.MapMakerInternalMap$Strength valueOf(java.lang.String)
com.google.common.collect.SortedLists$KeyAbsentBehavior: com.google.common.collect.SortedLists$KeyAbsentBehavior[] values()
com.google.common.collect.SortedLists$KeyAbsentBehavior: com.google.common.collect.SortedLists$KeyAbsentBehavior valueOf(java.lang.String)
com.google.common.collect.SortedLists$KeyPresentBehavior: com.google.common.collect.SortedLists$KeyPresentBehavior[] values()
com.google.common.collect.SortedLists$KeyPresentBehavior: com.google.common.collect.SortedLists$KeyPresentBehavior valueOf(java.lang.String)
com.google.common.collect.TreeMultiset$Aggregate: com.google.common.collect.TreeMultiset$Aggregate[] values()
com.google.common.collect.TreeMultiset$Aggregate: com.google.common.collect.TreeMultiset$Aggregate valueOf(java.lang.String)
com.google.common.hash.BloomFilterStrategies: com.google.common.hash.BloomFilterStrategies[] values()
com.google.common.hash.BloomFilterStrategies: com.google.common.hash.BloomFilterStrategies valueOf(java.lang.String)
com.google.common.hash.Funnels$ByteArrayFunnel: com.google.common.hash.Funnels$ByteArrayFunnel[] values()
com.google.common.hash.Funnels$ByteArrayFunnel: com.google.common.hash.Funnels$ByteArrayFunnel valueOf(java.lang.String)
com.google.common.hash.Funnels$IntegerFunnel: com.google.common.hash.Funnels$IntegerFunnel[] values()
com.google.common.hash.Funnels$IntegerFunnel: com.google.common.hash.Funnels$IntegerFunnel valueOf(java.lang.String)
com.google.common.hash.Funnels$LongFunnel: com.google.common.hash.Funnels$LongFunnel[] values()
com.google.common.hash.Funnels$LongFunnel: com.google.common.hash.Funnels$LongFunnel valueOf(java.lang.String)
com.google.common.hash.Funnels$StringFunnel: com.google.common.hash.Funnels$StringFunnel[] values()
com.google.common.hash.Funnels$StringFunnel: com.google.common.hash.Funnels$StringFunnel valueOf(java.lang.String)
com.google.common.primitives.Booleans$LexicographicalComparator: com.google.common.primitives.Booleans$LexicographicalComparator[] values()
com.google.common.primitives.Booleans$LexicographicalComparator: com.google.common.primitives.Booleans$LexicographicalComparator valueOf(java.lang.String)