proguard/mapping.txt
ua.maker.gbible.widget.setting.AlphaPatternDrawable -> ua.maker.gbible.widget.setting.a:
    int mRectangleSize -> a
    android.graphics.Paint mPaint -> b
    android.graphics.Paint mPaintWhite -> c
    android.graphics.Paint mPaintGray -> d
    int numRectanglesHorizontal -> e
    int numRectanglesVertical -> f
    android.graphics.Bitmap mBitmap -> g
    void draw(android.graphics.Canvas) -> draw
    int getOpacity() -> getOpacity
    void setAlpha(int) -> setAlpha
    void setColorFilter(android.graphics.ColorFilter) -> setColorFilter
    void onBoundsChange(android.graphics.Rect) -> onBoundsChange
    void generatePatternBitmap() -> a
ua.maker.gbible.widget.setting.ChangeSizeTextPreference -> ua.maker.gbible.widget.setting.ChangeSizeTextPreference:
    android.content.SharedPreferences sp -> a
    android.app.AlertDialog dialog -> b
    android.view.View view -> c
    android.widget.TextView tvCurrentTextSize -> d
    android.widget.TextView tvSampleTextSize -> e
    android.widget.SeekBar sbSetSize -> f
    int sizeText -> g
    android.widget.SeekBar$OnSeekBarChangeListener seekBarChangeProgressListener -> h
    android.content.DialogInterface$OnClickListener dialogOkClickListener -> i
    android.content.DialogInterface$OnClickListener dialogCancelClickListener -> j
    void init() -> a
    boolean onPreferenceClick(android.preference.Preference) -> onPreferenceClick
    void access$0(ua.maker.gbible.widget.setting.ChangeSizeTextPreference,int) -> a
    android.widget.SeekBar access$1(ua.maker.gbible.widget.setting.ChangeSizeTextPreference) -> a
    int access$2(ua.maker.gbible.widget.setting.ChangeSizeTextPreference) -> b
    android.widget.TextView access$3(ua.maker.gbible.widget.setting.ChangeSizeTextPreference) -> c
    android.widget.TextView access$4(ua.maker.gbible.widget.setting.ChangeSizeTextPreference) -> d
    android.content.SharedPreferences access$5(ua.maker.gbible.widget.setting.ChangeSizeTextPreference) -> e
ua.maker.gbible.widget.setting.ChangeSizeTextPreference$1 -> ua.maker.gbible.widget.setting.b:
    ua.maker.gbible.widget.setting.ChangeSizeTextPreference this$0 -> a
    void onStopTrackingTouch(android.widget.SeekBar) -> onStopTrackingTouch
    void onStartTrackingTouch(android.widget.SeekBar) -> onStartTrackingTouch
    void onProgressChanged(android.widget.SeekBar,int,boolean) -> onProgressChanged
ua.maker.gbible.widget.setting.ChangeSizeTextPreference$2 -> ua.maker.gbible.widget.setting.c:
    ua.maker.gbible.widget.setting.ChangeSizeTextPreference this$0 -> a
    void onClick(android.content.DialogInterface,int) -> onClick
ua.maker.gbible.widget.setting.ChangeSizeTextPreference$3 -> ua.maker.gbible.widget.setting.d:
    ua.maker.gbible.widget.setting.ChangeSizeTextPreference this$0 -> a
    void onClick(android.content.DialogInterface,int) -> onClick
ua.maker.gbible.widget.setting.ChangeSpeedSmoothPreference -> ua.maker.gbible.widget.setting.ChangeSpeedSmoothPreference:
    android.content.SharedPreferences pref -> a
    android.app.AlertDialog dialog -> b
    android.widget.TextView tvCurrentValueSpeed -> c
    android.widget.SeekBar sbSetValueSpeed -> d
    int valueSpeed -> e
    android.widget.SeekBar$OnSeekBarChangeListener seekBarChangeListener -> f
    android.content.DialogInterface$OnClickListener clickOkListener -> g
    android.content.DialogInterface$OnClickListener clickCancelListener -> h
    void init() -> a
    boolean onPreferenceClick(android.preference.Preference) -> onPreferenceClick
    void access$0(ua.maker.gbible.widget.setting.ChangeSpeedSmoothPreference,int) -> a
    android.widget.SeekBar access$1(ua.maker.gbible.widget.setting.ChangeSpeedSmoothPreference) -> a
    int access$2(ua.maker.gbible.widget.setting.ChangeSpeedSmoothPreference) -> b
    android.widget.TextView access$3(ua.maker.gbible.widget.setting.ChangeSpeedSmoothPreference) -> c
    android.content.SharedPreferences access$4(ua.maker.gbible.widget.setting.ChangeSpeedSmoothPreference) -> d
...
com.google.android.gms.games.multiplayer.realtime.RealTimeMessage$1 -> com.google.android.gms.games.multiplayer.realtime.a:
    com.google.android.gms.games.multiplayer.realtime.RealTimeMessage x(android.os.Parcel) -> a
    com.google.android.gms.games.multiplayer.realtime.RealTimeMessage[] U(int) -> a
    java.lang.Object[] newArray(int) -> newArray
    java.lang.Object createFromParcel(android.os.Parcel) -> createFromParcel
com.google.android.gms.games.multiplayer.realtime.Room -> com.google.android.gms.games.multiplayer.realtime.Room:
    java.lang.String getRoomId() -> b
    java.lang.String getCreatorId() -> c
    long getCreationTimestamp() -> d
    int getStatus() -> e
    java.lang.String getDescription() -> f
    int getVariant() -> g
    android.os.Bundle getAutoMatchCriteria() -> h
    int getAutoMatchWaitEstimateSeconds() -> j
com.google.android.gms.games.multiplayer.realtime.RoomConfig -> com.google.android.gms.games.multiplayer.realtime.b:
    android.os.Bundle createAutoMatchCriteria(int,int,long) -> a
com.google.android.gms.games.multiplayer.realtime.RoomEntity -> com.google.android.gms.games.multiplayer.realtime.RoomEntity:
    android.os.Parcelable$Creator CREATOR -> CREATOR
    int iM -> a
    java.lang.String nb -> b
    java.lang.String ol -> c
    long nN -> d
    int om -> e
    java.lang.String mo -> f
    int nR -> g
    android.os.Bundle oh -> h
    java.util.ArrayList nQ -> i
    int on -> j
    int getVersionCode() -> k
    java.lang.String getRoomId() -> b
    java.lang.String getCreatorId() -> c
    long getCreationTimestamp() -> d
    int getStatus() -> e
    java.lang.String getDescription() -> f
    int getVariant() -> g
    android.os.Bundle getAutoMatchCriteria() -> h
    java.util.ArrayList getParticipants() -> i
    int getAutoMatchWaitEstimateSeconds() -> j
    com.google.android.gms.games.multiplayer.realtime.Room freeze() -> l
    int hashCode() -> hashCode
    int a(com.google.android.gms.games.multiplayer.realtime.Room) -> a
    boolean equals(java.lang.Object) -> equals
    boolean a(com.google.android.gms.games.multiplayer.realtime.Room,java.lang.Object) -> a
    java.lang.String toString() -> toString
    java.lang.String b(com.google.android.gms.games.multiplayer.realtime.Room) -> b
    int describeContents() -> describeContents
    void writeToParcel(android.os.Parcel,int) -> writeToParcel
    java.lang.Object freeze() -> a
    java.lang.Integer bQ() -> m
    boolean b(java.lang.Integer) -> a
    boolean J(java.lang.String) -> a
com.google.android.gms.games.multiplayer.realtime.RoomEntity$a -> com.google.android.gms.games.multiplayer.realtime.d:
    com.google.android.gms.games.multiplayer.realtime.RoomEntity y(android.os.Parcel) -> a
    java.lang.Object createFromParcel(android.os.Parcel) -> createFromParcel
com.google.android.gms.games.multiplayer.realtime.b -> com.google.android.gms.games.multiplayer.realtime.e:
    com.google.android.gms.games.multiplayer.realtime.RoomEntity y(android.os.Parcel) -> a
    com.google.android.gms.games.multiplayer.realtime.RoomEntity[] V(int) -> a
    void a(com.google.android.gms.games.multiplayer.realtime.RoomEntity,android.os.Parcel,int) -> a
    java.lang.Object[] newArray(int) -> newArray
    java.lang.Object createFromParcel(android.os.Parcel) -> createFromParcel