proguard/usage.txt
ua.maker.gbible.widget.setting.ColorPickerCustomDialog
ua.maker.gbible.widget.setting.ColorPickerCustomDialog$1
ua.maker.gbible.widget.setting.ColorPickerCustomDialog$2
ua.maker.gbible.widget.setting.ColorPickerCustomDialog$OnColorChangedListener
ua.maker.gbible.widget.setting.ColorPickerDialog:
    159:159:public boolean getHexValueEnabled()
ua.maker.gbible.widget.setting.ColorPickerPanelView:
    private static final float BORDER_WIDTH_PX
ua.maker.gbible.widget.setting.ColorPickerPreference:
    170:171:public void setAlphaSliderEnabled(boolean)
    174:175:public void setHexValueEnabled(boolean)
ua.maker.gbible.widget.setting.ColorPickerView:
    private static final int PANEL_SAT_VAL
    private static final int PANEL_HUE
    private static final int PANEL_ALPHA
    private static final float BORDER_WIDTH_PX
...
com.google.android.gms.internal.as$1
com.google.android.gms.internal.at
com.google.android.gms.internal.at$a
com.google.android.gms.internal.au
com.google.android.gms.internal.av
com.google.android.gms.internal.aw
com.google.android.gms.internal.aw$a
com.google.android.gms.internal.aw$a$a
com.google.android.gms.internal.ax
com.google.android.gms.internal.ax$a
com.google.android.gms.internal.ax$a$a
com.google.android.gms.internal.ay
com.google.android.gms.internal.ay$a
com.google.android.gms.internal.ay$a$a
com.google.android.gms.internal.az
com.google.android.gms.internal.b
com.google.android.gms.internal.b$1
com.google.android.gms.internal.b$a
com.google.android.gms.internal.b$b
com.google.android.gms.internal.b$c
com.google.android.gms.internal.b$d
com.google.android.gms.internal.b$e
com.google.android.gms.internal.b$f
com.google.android.gms.internal.b$g
com.google.android.gms.internal.b$h
com.google.android.gms.internal.b$i
com.google.android.gms.internal.b$j
com.google.android.gms.internal.b$k
com.google.android.gms.internal.b$l
com.google.android.gms.internal.b$m
com.google.android.gms.internal.ba
com.google.android.gms.internal.ba$1
com.google.android.gms.internal.ba$10
com.google.android.gms.internal.ba$11
com.google.android.gms.internal.ba$2
com.google.android.gms.internal.ba$3
com.google.android.gms.internal.ba$4
com.google.android.gms.internal.ba$5
com.google.android.gms.internal.ba$6
com.google.android.gms.internal.ba$7
com.google.android.gms.internal.ba$8
com.google.android.gms.internal.ba$9
com.google.android.gms.internal.bb
com.google.android.gms.internal.bb$1
com.google.android.gms.internal.bc
com.google.android.gms.internal.be:
    public be(java.lang.String,java.lang.String,java.lang.String,java.lang.String,java.lang.String,java.lang.String,java.lang.String)
com.google.android.gms.internal.bf
com.google.android.gms.internal.bf$1
com.google.android.gms.internal.bf$a
com.google.android.gms.internal.bf$b
com.google.android.gms.internal.bh:
    public static void a(android.content.Intent,com.google.android.gms.internal.bh)
    public static com.google.android.gms.internal.bh a(android.content.Intent)
    public bh(com.google.android.gms.internal.q,com.google.android.gms.internal.bi,com.google.android.gms.internal.bl,com.google.android.gms.internal.cq,int,com.google.android.gms.internal.co)
    public bh(com.google.android.gms.internal.q,com.google.android.gms.internal.bi,com.google.android.gms.internal.bl,com.google.android.gms.internal.cq,boolean,int,com.google.android.gms.internal.co)
    public bh(com.google.android.gms.internal.q,com.google.android.gms.internal.bi,com.google.android.gms.internal.ag,com.google.android.gms.internal.bl,com.google.android.gms.internal.cq,boolean,int,java.lang.String,com.google.android.gms.internal.co)
    public bh(com.google.android.gms.internal.q,com.google.android.gms.internal.bi,com.google.android.gms.internal.ag,com.google.android.gms.internal.bl,com.google.android.gms.internal.cq,boolean,int,java.lang.String,java.lang.String,com.google.android.gms.internal.co)
    public bh(com.google.android.gms.internal.be,com.google.android.gms.internal.q,com.google.android.gms.internal.bi,com.google.android.gms.internal.bl,com.google.android.gms.internal.co)
com.google.android.gms.internal.bi:
    public abstract void B()
    public abstract void C()
com.google.android.gms.internal.bj
com.google.android.gms.internal.bj$a
com.google.android.gms.internal.bj$a$1
com.google.android.gms.internal.bk
com.google.android.gms.internal.bl:
    public abstract void A()
com.google.android.gms.internal.bm
com.google.android.gms.internal.bm$a
com.google.android.gms.internal.bn
com.google.android.gms.internal.bn$a
com.google.android.gms.internal.bn$a$a
com.google.android.gms.internal.bo
com.google.android.gms.internal.bo$a
com.google.android.gms.internal.bo$a$a
com.google.android.gms.internal.bp
com.google.android.gms.internal.bp$a
com.google.android.gms.internal.bq
com.google.android.gms.internal.bq$1